<?xml version="1.0"?>
<testsuite failures="11" skipped="0" name="cucumber-js" time="9.685460546" tests="16">
  <testcase classname="REST API Testing" name="Get list of all users" time="0.736299198">
    <failure/>
    <system-out><![CDATA[Given the API is running on "http://localhost:3001"....................undefined
And I have a valid authentication token................................undefined
And the database is seeded with test data..............................undefined
When I send a GET request to "/api/users"..............................undefined
Then the response status should be 200.................................undefined
And the response should contain a JSON array...........................undefined
And the array should have at least 3 users.............................undefined
And each user should have the following fields:........................undefined
And the response time should be less than 500ms........................undefined]]></system-out>
  </testcase>
  <testcase classname="Database CRUD Operations" name="Retrieve record by primary key" time="0.722323496">
    <failure/>
    <system-out><![CDATA[Given the database is connected........................................undefined
And the database tables are clean......................................undefined
And test data fixtures are available...................................undefined
Given a user with ID "1" exists........................................undefined
When I query the user by ID "1"........................................undefined
Then the query should return exactly 1 record..........................undefined
And the record should contain all expected fields......................undefined
And the query should execute in less than 100ms........................undefined]]></system-out>
  </testcase>
  <testcase classname="Dynamic Project Management" name="Switch to project 1" time="0.8174312939999999">
    <system-out><![CDATA[Given the following projects are available:...............................passed
Given I use project "project1"............................................passed
Then I should be using project "project1".................................passed
And the project should have database "playwright_project1"................passed
And the project should use port 3001......................................passed]]></system-out>
  </testcase>
  <testcase classname="Dynamic Project Management" name="Switch to project 2" time="0.8259432980000001">
    <system-out><![CDATA[Given the following projects are available:...............................passed
Given I use project "project2"............................................passed
Then I should be using project "project2".................................passed
And the project should have database "playwright_project2"................passed
And the project should use port 3002......................................passed]]></system-out>
  </testcase>
  <testcase classname="Dynamic Project Management" name="Health check for project 1" time="0.6989437930000002">
    <system-out><![CDATA[Given the following projects are available:...............................passed
Given I use project "project1"............................................passed
When I call the health check endpoint.....................................passed
Then the API should return status 200.....................................passed
And the health check status should be "ok"................................passed
And the environment should be "development"...............................passed]]></system-out>
  </testcase>
  <testcase classname="Dynamic Project Management" name="Health check for project 2" time="0.7304462970000001">
    <failure type="Error" message="Health check failed: Error"><![CDATA[Error: Health check failed: Error
    at World.<anonymous> (C:\chandra-1212-main\playwright-crx-enhanced\backend\features\step-definitions\projectSteps.ts:120:11)
    at processTicksAndRejections (node:internal/process/task_queues:105:5)]]></failure>
    <system-out><![CDATA[Given the following projects are available:...............................passed
Given I use project "project2"............................................passed
When I call the health check endpoint.....................................failed
Then the API should return status 200....................................skipped
And the health check status should be "ok"...............................skipped
And the environment should be "staging"..................................skipped]]></system-out>
  </testcase>
  <testcase classname="Dynamic Project Management" name="Database connection for project 1" time="0.7398381940000003">
    <system-out><![CDATA[Given the following projects are available:...............................passed
Given I use project "project1"............................................passed
When I call the database health check endpoint............................passed
Then the API should return status 200.....................................passed
And the health check status should be "ok"................................passed]]></system-out>
  </testcase>
  <testcase classname="Dynamic Project Management" name="Database connection for project 2" time="0.742497198">
    <failure type="Error" message="Database health check failed: Error"><![CDATA[Error: Database health check failed: Error
    at World.<anonymous> (C:\chandra-1212-main\playwright-crx-enhanced\backend\features\step-definitions\projectSteps.ts:145:11)
    at processTicksAndRejections (node:internal/process/task_queues:105:5)]]></failure>
    <system-out><![CDATA[Given the following projects are available:...............................passed
Given I use project "project2"............................................passed
When I call the database health check endpoint............................failed
Then the API should return status 200....................................skipped
And the health check status should be "ok"...............................skipped]]></system-out>
  </testcase>
  <testcase classname="Dynamic Project Management" name="Verify project 1 configuration" time="0.7662445959999998">
    <system-out><![CDATA[Given the following projects are available:...............................passed
Given I have project "project1" with database name "playwright_project1...passed
When I call the health check endpoint.....................................passed
Then the API should return status 200.....................................passed]]></system-out>
  </testcase>
  <testcase classname="Dynamic Project Management" name="Verify project 2 configuration" time="0.7395554950000001">
    <failure type="Error" message="Health check failed: Error"><![CDATA[Error: Health check failed: Error
    at World.<anonymous> (C:\chandra-1212-main\playwright-crx-enhanced\backend\features\step-definitions\projectSteps.ts:120:11)
    at processTicksAndRejections (node:internal/process/task_queues:105:5)]]></failure>
    <system-out><![CDATA[Given the following projects are available:...............................passed
Given I have project "project2" with database name "playwright_project2...passed
When I call the health check endpoint.....................................failed
Then the API should return status 200....................................skipped]]></system-out>
  </testcase>
  <testcase classname="Dynamic Project Management" name="Access API endpoints for project 1" time="0.8498906979999999">
    <failure type="Error" message="browserContext.newPage: Target page, context or browser has been closed"><![CDATA[browserContext.newPage: Target page, context or browser has been closed
    at World.<anonymous> (C:\chandra-1212-main\playwright-crx-enhanced\backend\features\step-definitions\saucedemoPlaywright.ts:23:34)]]></failure>
    <system-out><![CDATA[Given the following projects are available:..............................skipped
Given I use project "project1"...........................................skipped
When I make a request to "/api"..........................................skipped
Then the API should return status 200....................................skipped
And the response should contain "playwright-crx-backend".................skipped]]></system-out>
  </testcase>
  <testcase classname="Dynamic Project Management" name="Access API endpoints for project 2" time="0.859275299">
    <failure type="Error" message="browserContext.newPage: Target page, context or browser has been closed"><![CDATA[browserContext.newPage: Target page, context or browser has been closed
    at World.<anonymous> (C:\chandra-1212-main\playwright-crx-enhanced\backend\features\step-definitions\saucedemoPlaywright.ts:23:34)]]></failure>
    <system-out><![CDATA[Given the following projects are available:..............................skipped
Given I use project "project2"...........................................skipped
When I make a request to "/api"..........................................skipped
Then the API should return status 200....................................skipped
And the response should contain "playwright-crx-backend".................skipped]]></system-out>
  </testcase>
  <testcase classname="SauceDemo E-commerce Application" name="Successful login with valid credentials" time="0.138382197">
    <failure type="Error" message="browserType.launch: Target page, context or browser has been closed&#xA;Browser logs:&#xA;&#xA;&lt;launching> C:\Users\ChandraSekharNannapa\AppData\Local\ms-playwright\chromium_headless_shell-1208\chrome-headless-shell-win64\chrome-headless-shell.exe --disable-field-trial-config --disable-background-networking --disable-background-timer-throttling --disable-backgrounding-occluded-windows --disable-back-forward-cache --disable-breakpad --disable-client-side-phishing-detection --disable-component-extensions-with-background-pages --disable-component-update --no-default-browser-check --disable-default-apps --disable-dev-shm-usage --disable-extensions --disable-features=AvoidUnnecessaryBeforeUnloadCheckSync,BoundaryEventDispatchTracksNodeRemoval,DestroyProfileOnBrowserClose,DialMediaRouteProvider,GlobalMediaControls,HttpsUpgrades,LensOverlay,MediaRouter,PaintHolding,ThirdPartyStoragePartitioning,Translate,AutoDeElevate,RenderDocument,OptimizationHints --enable-features=CDPScreenshotNewSurface --allow-pre-commit-input --disable-hang-monitor --disable-ipc-flooding-protection --disable-popup-blocking --disable-prompt-on-repost --disable-renderer-backgrounding --force-color-profile=srgb --metrics-recording-only --no-first-run --password-store=basic --use-mock-keychain --no-service-autorun --export-tagged-pdf --disable-search-engine-choice-screen --unsafely-disable-devtools-self-xss-warnings --edge-skip-compat-layer-relaunch --enable-automation --disable-infobars --disable-search-engine-choice-screen --disable-sync --enable-unsafe-swiftshader --headless --hide-scrollbars --mute-audio --blink-settings=primaryHoverType=2,availableHoverTypes=2,primaryPointerType=4,availablePointerTypes=4 --no-sandbox --user-data-dir=C:\Users\CHANDR~1\AppData\Local\Temp\playwright_chromiumdev_profile-9ovve9 --remote-debugging-pipe --no-startup-window&#xA;&lt;launched> pid=57456&#xA;Call log:&#xA;[2m  - &lt;launching> C:\Users\ChandraSekharNannapa\AppData\Local\ms-playwright\chromium_headless_shell-1208\chrome-headless-shell-win64\chrome-headless-shell.exe --disable-field-trial-config --disable-background-networking --disable-background-timer-throttling --disable-backgrounding-occluded-windows --disable-back-forward-cache --disable-breakpad --disable-client-side-phishing-detection --disable-component-extensions-with-background-pages --disable-component-update --no-default-browser-check --disable-default-apps --disable-dev-shm-usage --disable-extensions --disable-features=AvoidUnnecessaryBeforeUnloadCheckSync,BoundaryEventDispatchTracksNodeRemoval,DestroyProfileOnBrowserClose,DialMediaRouteProvider,GlobalMediaControls,HttpsUpgrades,LensOverlay,MediaRouter,PaintHolding,ThirdPartyStoragePartitioning,Translate,AutoDeElevate,RenderDocument,OptimizationHints --enable-features=CDPScreenshotNewSurface --allow-pre-commit-input --disable-hang-monitor --disable-ipc-flooding-protection --disable-popup-blocking --disable-prompt-on-repost --disable-renderer-backgrounding --force-color-profile=srgb --metrics-recording-only --no-first-run --password-store=basic --use-mock-keychain --no-service-autorun --export-tagged-pdf --disable-search-engine-choice-screen --unsafely-disable-devtools-self-xss-warnings --edge-skip-compat-layer-relaunch --enable-automation --disable-infobars --disable-search-engine-choice-screen --disable-sync --enable-unsafe-swiftshader --headless --hide-scrollbars --mute-audio --blink-settings=primaryHoverType=2,availableHoverTypes=2,primaryPointerType=4,availablePointerTypes=4 --no-sandbox --user-data-dir=C:\Users\CHANDR~1\AppData\Local\Temp\playwright_chromiumdev_profile-9ovve9 --remote-debugging-pipe --no-startup-window[22m&#xA;[2m  - &lt;launched> pid=57456[22m&#xA;[2m  - [pid=57456] &lt;gracefully close start>[22m&#xA;[2m  - [pid=57456] &lt;kill>[22m&#xA;[2m  - [pid=57456] &lt;will force kill>[22m&#xA;[2m  - [pid=57456] &lt;process did exit: exitCode=3221225794, signal=null>[22m&#xA;[2m  - [pid=57456] starting temporary directories cleanup[22m&#xA;[2m  - [pid=57456] finished temporary directories cleanup[22m&#xA;[2m  - [pid=57456] &lt;gracefully close end>[22m&#xA;"><![CDATA[browserType.launch: Target page, context or browser has been closed
Browser logs:

<launching> C:\Users\ChandraSekharNannapa\AppData\Local\ms-playwright\chromium_headless_shell-1208\chrome-headless-shell-win64\chrome-headless-shell.exe --disable-field-trial-config --disable-background-networking --disable-background-timer-throttling --disable-backgrounding-occluded-windows --disable-back-forward-cache --disable-breakpad --disable-client-side-phishing-detection --disable-component-extensions-with-background-pages --disable-component-update --no-default-browser-check --disable-default-apps --disable-dev-shm-usage --disable-extensions --disable-features=AvoidUnnecessaryBeforeUnloadCheckSync,BoundaryEventDispatchTracksNodeRemoval,DestroyProfileOnBrowserClose,DialMediaRouteProvider,GlobalMediaControls,HttpsUpgrades,LensOverlay,MediaRouter,PaintHolding,ThirdPartyStoragePartitioning,Translate,AutoDeElevate,RenderDocument,OptimizationHints --enable-features=CDPScreenshotNewSurface --allow-pre-commit-input --disable-hang-monitor --disable-ipc-flooding-protection --disable-popup-blocking --disable-prompt-on-repost --disable-renderer-backgrounding --force-color-profile=srgb --metrics-recording-only --no-first-run --password-store=basic --use-mock-keychain --no-service-autorun --export-tagged-pdf --disable-search-engine-choice-screen --unsafely-disable-devtools-self-xss-warnings --edge-skip-compat-layer-relaunch --enable-automation --disable-infobars --disable-search-engine-choice-screen --disable-sync --enable-unsafe-swiftshader --headless --hide-scrollbars --mute-audio --blink-settings=primaryHoverType=2,availableHoverTypes=2,primaryPointerType=4,availablePointerTypes=4 --no-sandbox --user-data-dir=C:\Users\CHANDR~1\AppData\Local\Temp\playwright_chromiumdev_profile-9ovve9 --remote-debugging-pipe --no-startup-window
<launched> pid=57456
Call log:
[2m  - <launching> C:\Users\ChandraSekharNannapa\AppData\Local\ms-playwright\chromium_headless_shell-1208\chrome-headless-shell-win64\chrome-headless-shell.exe --disable-field-trial-config --disable-background-networking --disable-background-timer-throttling --disable-backgrounding-occluded-windows --disable-back-forward-cache --disable-breakpad --disable-client-side-phishing-detection --disable-component-extensions-with-background-pages --disable-component-update --no-default-browser-check --disable-default-apps --disable-dev-shm-usage --disable-extensions --disable-features=AvoidUnnecessaryBeforeUnloadCheckSync,BoundaryEventDispatchTracksNodeRemoval,DestroyProfileOnBrowserClose,DialMediaRouteProvider,GlobalMediaControls,HttpsUpgrades,LensOverlay,MediaRouter,PaintHolding,ThirdPartyStoragePartitioning,Translate,AutoDeElevate,RenderDocument,OptimizationHints --enable-features=CDPScreenshotNewSurface --allow-pre-commit-input --disable-hang-monitor --disable-ipc-flooding-protection --disable-popup-blocking --disable-prompt-on-repost --disable-renderer-backgrounding --force-color-profile=srgb --metrics-recording-only --no-first-run --password-store=basic --use-mock-keychain --no-service-autorun --export-tagged-pdf --disable-search-engine-choice-screen --unsafely-disable-devtools-self-xss-warnings --edge-skip-compat-layer-relaunch --enable-automation --disable-infobars --disable-search-engine-choice-screen --disable-sync --enable-unsafe-swiftshader --headless --hide-scrollbars --mute-audio --blink-settings=primaryHoverType=2,availableHoverTypes=2,primaryPointerType=4,availablePointerTypes=4 --no-sandbox --user-data-dir=C:\Users\CHANDR~1\AppData\Local\Temp\playwright_chromiumdev_profile-9ovve9 --remote-debugging-pipe --no-startup-window[22m
[2m  - <launched> pid=57456[22m
[2m  - [pid=57456] <gracefully close start>[22m
[2m  - [pid=57456] <kill>[22m
[2m  - [pid=57456] <will force kill>[22m
[2m  - [pid=57456] <process did exit: exitCode=3221225794, signal=null>[22m
[2m  - [pid=57456] starting temporary directories cleanup[22m
[2m  - [pid=57456] finished temporary directories cleanup[22m
[2m  - [pid=57456] <gracefully close end>[22m

    at World.<anonymous> (C:\chandra-1212-main\playwright-crx-enhanced\backend\features\step-definitions\saucedemoPlaywright.ts:21:28)]]></failure>
    <system-out><![CDATA[Given the application URL is set to "https://saucedemo.com"............ambiguous
And the browser is opened..............................................ambiguous
When I navigate to the login page......................................ambiguous
And I enter username "standard_user"...................................ambiguous
And I enter password "secret_sauce"....................................ambiguous
And I click the login button...........................................ambiguous
Then I should see the products page....................................ambiguous
And the page title should contain "Swag Labs"..........................ambiguous]]></system-out>
  </testcase>
  <testcase classname="SauceDemo E-commerce Application" name="View products list" time="0.14004799700000004">
    <failure type="Error" message="browserType.launch: Target page, context or browser has been closed&#xA;Browser logs:&#xA;&#xA;&lt;launching> C:\Users\ChandraSekharNannapa\AppData\Local\ms-playwright\chromium_headless_shell-1208\chrome-headless-shell-win64\chrome-headless-shell.exe --disable-field-trial-config --disable-background-networking --disable-background-timer-throttling --disable-backgrounding-occluded-windows --disable-back-forward-cache --disable-breakpad --disable-client-side-phishing-detection --disable-component-extensions-with-background-pages --disable-component-update --no-default-browser-check --disable-default-apps --disable-dev-shm-usage --disable-extensions --disable-features=AvoidUnnecessaryBeforeUnloadCheckSync,BoundaryEventDispatchTracksNodeRemoval,DestroyProfileOnBrowserClose,DialMediaRouteProvider,GlobalMediaControls,HttpsUpgrades,LensOverlay,MediaRouter,PaintHolding,ThirdPartyStoragePartitioning,Translate,AutoDeElevate,RenderDocument,OptimizationHints --enable-features=CDPScreenshotNewSurface --allow-pre-commit-input --disable-hang-monitor --disable-ipc-flooding-protection --disable-popup-blocking --disable-prompt-on-repost --disable-renderer-backgrounding --force-color-profile=srgb --metrics-recording-only --no-first-run --password-store=basic --use-mock-keychain --no-service-autorun --export-tagged-pdf --disable-search-engine-choice-screen --unsafely-disable-devtools-self-xss-warnings --edge-skip-compat-layer-relaunch --enable-automation --disable-infobars --disable-search-engine-choice-screen --disable-sync --enable-unsafe-swiftshader --headless --hide-scrollbars --mute-audio --blink-settings=primaryHoverType=2,availableHoverTypes=2,primaryPointerType=4,availablePointerTypes=4 --no-sandbox --user-data-dir=C:\Users\CHANDR~1\AppData\Local\Temp\playwright_chromiumdev_profile-ERbRZG --remote-debugging-pipe --no-startup-window&#xA;&lt;launched> pid=82348&#xA;Call log:&#xA;[2m  - &lt;launching> C:\Users\ChandraSekharNannapa\AppData\Local\ms-playwright\chromium_headless_shell-1208\chrome-headless-shell-win64\chrome-headless-shell.exe --disable-field-trial-config --disable-background-networking --disable-background-timer-throttling --disable-backgrounding-occluded-windows --disable-back-forward-cache --disable-breakpad --disable-client-side-phishing-detection --disable-component-extensions-with-background-pages --disable-component-update --no-default-browser-check --disable-default-apps --disable-dev-shm-usage --disable-extensions --disable-features=AvoidUnnecessaryBeforeUnloadCheckSync,BoundaryEventDispatchTracksNodeRemoval,DestroyProfileOnBrowserClose,DialMediaRouteProvider,GlobalMediaControls,HttpsUpgrades,LensOverlay,MediaRouter,PaintHolding,ThirdPartyStoragePartitioning,Translate,AutoDeElevate,RenderDocument,OptimizationHints --enable-features=CDPScreenshotNewSurface --allow-pre-commit-input --disable-hang-monitor --disable-ipc-flooding-protection --disable-popup-blocking --disable-prompt-on-repost --disable-renderer-backgrounding --force-color-profile=srgb --metrics-recording-only --no-first-run --password-store=basic --use-mock-keychain --no-service-autorun --export-tagged-pdf --disable-search-engine-choice-screen --unsafely-disable-devtools-self-xss-warnings --edge-skip-compat-layer-relaunch --enable-automation --disable-infobars --disable-search-engine-choice-screen --disable-sync --enable-unsafe-swiftshader --headless --hide-scrollbars --mute-audio --blink-settings=primaryHoverType=2,availableHoverTypes=2,primaryPointerType=4,availablePointerTypes=4 --no-sandbox --user-data-dir=C:\Users\CHANDR~1\AppData\Local\Temp\playwright_chromiumdev_profile-ERbRZG --remote-debugging-pipe --no-startup-window[22m&#xA;[2m  - &lt;launched> pid=82348[22m&#xA;[2m  - [pid=82348] &lt;gracefully close start>[22m&#xA;[2m  - [pid=82348] &lt;kill>[22m&#xA;[2m  - [pid=82348] &lt;will force kill>[22m&#xA;[2m  - [pid=82348] &lt;process did exit: exitCode=3221225794, signal=null>[22m&#xA;[2m  - [pid=82348] starting temporary directories cleanup[22m&#xA;[2m  - [pid=82348] finished temporary directories cleanup[22m&#xA;[2m  - [pid=82348] &lt;gracefully close end>[22m&#xA;"><![CDATA[browserType.launch: Target page, context or browser has been closed
Browser logs:

<launching> C:\Users\ChandraSekharNannapa\AppData\Local\ms-playwright\chromium_headless_shell-1208\chrome-headless-shell-win64\chrome-headless-shell.exe --disable-field-trial-config --disable-background-networking --disable-background-timer-throttling --disable-backgrounding-occluded-windows --disable-back-forward-cache --disable-breakpad --disable-client-side-phishing-detection --disable-component-extensions-with-background-pages --disable-component-update --no-default-browser-check --disable-default-apps --disable-dev-shm-usage --disable-extensions --disable-features=AvoidUnnecessaryBeforeUnloadCheckSync,BoundaryEventDispatchTracksNodeRemoval,DestroyProfileOnBrowserClose,DialMediaRouteProvider,GlobalMediaControls,HttpsUpgrades,LensOverlay,MediaRouter,PaintHolding,ThirdPartyStoragePartitioning,Translate,AutoDeElevate,RenderDocument,OptimizationHints --enable-features=CDPScreenshotNewSurface --allow-pre-commit-input --disable-hang-monitor --disable-ipc-flooding-protection --disable-popup-blocking --disable-prompt-on-repost --disable-renderer-backgrounding --force-color-profile=srgb --metrics-recording-only --no-first-run --password-store=basic --use-mock-keychain --no-service-autorun --export-tagged-pdf --disable-search-engine-choice-screen --unsafely-disable-devtools-self-xss-warnings --edge-skip-compat-layer-relaunch --enable-automation --disable-infobars --disable-search-engine-choice-screen --disable-sync --enable-unsafe-swiftshader --headless --hide-scrollbars --mute-audio --blink-settings=primaryHoverType=2,availableHoverTypes=2,primaryPointerType=4,availablePointerTypes=4 --no-sandbox --user-data-dir=C:\Users\CHANDR~1\AppData\Local\Temp\playwright_chromiumdev_profile-ERbRZG --remote-debugging-pipe --no-startup-window
<launched> pid=82348
Call log:
[2m  - <launching> C:\Users\ChandraSekharNannapa\AppData\Local\ms-playwright\chromium_headless_shell-1208\chrome-headless-shell-win64\chrome-headless-shell.exe --disable-field-trial-config --disable-background-networking --disable-background-timer-throttling --disable-backgrounding-occluded-windows --disable-back-forward-cache --disable-breakpad --disable-client-side-phishing-detection --disable-component-extensions-with-background-pages --disable-component-update --no-default-browser-check --disable-default-apps --disable-dev-shm-usage --disable-extensions --disable-features=AvoidUnnecessaryBeforeUnloadCheckSync,BoundaryEventDispatchTracksNodeRemoval,DestroyProfileOnBrowserClose,DialMediaRouteProvider,GlobalMediaControls,HttpsUpgrades,LensOverlay,MediaRouter,PaintHolding,ThirdPartyStoragePartitioning,Translate,AutoDeElevate,RenderDocument,OptimizationHints --enable-features=CDPScreenshotNewSurface --allow-pre-commit-input --disable-hang-monitor --disable-ipc-flooding-protection --disable-popup-blocking --disable-prompt-on-repost --disable-renderer-backgrounding --force-color-profile=srgb --metrics-recording-only --no-first-run --password-store=basic --use-mock-keychain --no-service-autorun --export-tagged-pdf --disable-search-engine-choice-screen --unsafely-disable-devtools-self-xss-warnings --edge-skip-compat-layer-relaunch --enable-automation --disable-infobars --disable-search-engine-choice-screen --disable-sync --enable-unsafe-swiftshader --headless --hide-scrollbars --mute-audio --blink-settings=primaryHoverType=2,availableHoverTypes=2,primaryPointerType=4,availablePointerTypes=4 --no-sandbox --user-data-dir=C:\Users\CHANDR~1\AppData\Local\Temp\playwright_chromiumdev_profile-ERbRZG --remote-debugging-pipe --no-startup-window[22m
[2m  - <launched> pid=82348[22m
[2m  - [pid=82348] <gracefully close start>[22m
[2m  - [pid=82348] <kill>[22m
[2m  - [pid=82348] <will force kill>[22m
[2m  - [pid=82348] <process did exit: exitCode=3221225794, signal=null>[22m
[2m  - [pid=82348] starting temporary directories cleanup[22m
[2m  - [pid=82348] finished temporary directories cleanup[22m
[2m  - [pid=82348] <gracefully close end>[22m

    at World.<anonymous> (C:\chandra-1212-main\playwright-crx-enhanced\backend\features\step-definitions\saucedemoPlaywright.ts:21:28)]]></failure>
    <system-out><![CDATA[Given the application URL is set to "https://saucedemo.com"............ambiguous
And the browser is opened..............................................ambiguous
Given I am logged in as "standard_user"................................ambiguous
When I view the products list..........................................ambiguous
Then I should see at least 6 products..................................ambiguous
And each product should have a name and price..........................ambiguous
And each product should have an "Add to cart" button...................ambiguous]]></system-out>
  </testcase>
  <testcase classname="User Authentication and Account Management" name="Successfully register new user with valid data" time="0.09273339800000001">
    <failure type="Error" message="browserType.launch: Target page, context or browser has been closed&#xA;Browser logs:&#xA;&#xA;&lt;launching> C:\Users\ChandraSekharNannapa\AppData\Local\ms-playwright\chromium_headless_shell-1208\chrome-headless-shell-win64\chrome-headless-shell.exe --disable-field-trial-config --disable-background-networking --disable-background-timer-throttling --disable-backgrounding-occluded-windows --disable-back-forward-cache --disable-breakpad --disable-client-side-phishing-detection --disable-component-extensions-with-background-pages --disable-component-update --no-default-browser-check --disable-default-apps --disable-dev-shm-usage --disable-extensions --disable-features=AvoidUnnecessaryBeforeUnloadCheckSync,BoundaryEventDispatchTracksNodeRemoval,DestroyProfileOnBrowserClose,DialMediaRouteProvider,GlobalMediaControls,HttpsUpgrades,LensOverlay,MediaRouter,PaintHolding,ThirdPartyStoragePartitioning,Translate,AutoDeElevate,RenderDocument,OptimizationHints --enable-features=CDPScreenshotNewSurface --allow-pre-commit-input --disable-hang-monitor --disable-ipc-flooding-protection --disable-popup-blocking --disable-prompt-on-repost --disable-renderer-backgrounding --force-color-profile=srgb --metrics-recording-only --no-first-run --password-store=basic --use-mock-keychain --no-service-autorun --export-tagged-pdf --disable-search-engine-choice-screen --unsafely-disable-devtools-self-xss-warnings --edge-skip-compat-layer-relaunch --enable-automation --disable-infobars --disable-search-engine-choice-screen --disable-sync --enable-unsafe-swiftshader --headless --hide-scrollbars --mute-audio --blink-settings=primaryHoverType=2,availableHoverTypes=2,primaryPointerType=4,availablePointerTypes=4 --no-sandbox --user-data-dir=C:\Users\CHANDR~1\AppData\Local\Temp\playwright_chromiumdev_profile-HewQn7 --remote-debugging-pipe --no-startup-window&#xA;&lt;launched> pid=91096&#xA;Call log:&#xA;[2m  - &lt;launching> C:\Users\ChandraSekharNannapa\AppData\Local\ms-playwright\chromium_headless_shell-1208\chrome-headless-shell-win64\chrome-headless-shell.exe --disable-field-trial-config --disable-background-networking --disable-background-timer-throttling --disable-backgrounding-occluded-windows --disable-back-forward-cache --disable-breakpad --disable-client-side-phishing-detection --disable-component-extensions-with-background-pages --disable-component-update --no-default-browser-check --disable-default-apps --disable-dev-shm-usage --disable-extensions --disable-features=AvoidUnnecessaryBeforeUnloadCheckSync,BoundaryEventDispatchTracksNodeRemoval,DestroyProfileOnBrowserClose,DialMediaRouteProvider,GlobalMediaControls,HttpsUpgrades,LensOverlay,MediaRouter,PaintHolding,ThirdPartyStoragePartitioning,Translate,AutoDeElevate,RenderDocument,OptimizationHints --enable-features=CDPScreenshotNewSurface --allow-pre-commit-input --disable-hang-monitor --disable-ipc-flooding-protection --disable-popup-blocking --disable-prompt-on-repost --disable-renderer-backgrounding --force-color-profile=srgb --metrics-recording-only --no-first-run --password-store=basic --use-mock-keychain --no-service-autorun --export-tagged-pdf --disable-search-engine-choice-screen --unsafely-disable-devtools-self-xss-warnings --edge-skip-compat-layer-relaunch --enable-automation --disable-infobars --disable-search-engine-choice-screen --disable-sync --enable-unsafe-swiftshader --headless --hide-scrollbars --mute-audio --blink-settings=primaryHoverType=2,availableHoverTypes=2,primaryPointerType=4,availablePointerTypes=4 --no-sandbox --user-data-dir=C:\Users\CHANDR~1\AppData\Local\Temp\playwright_chromiumdev_profile-HewQn7 --remote-debugging-pipe --no-startup-window[22m&#xA;[2m  - &lt;launched> pid=91096[22m&#xA;[2m  - [pid=91096] &lt;gracefully close start>[22m&#xA;[2m  - [pid=91096] &lt;kill>[22m&#xA;[2m  - [pid=91096] &lt;will force kill>[22m&#xA;[2m  - [pid=91096] &lt;process did exit: exitCode=3221225794, signal=null>[22m&#xA;[2m  - [pid=91096] starting temporary directories cleanup[22m&#xA;[2m  - [pid=91096] finished temporary directories cleanup[22m&#xA;[2m  - [pid=91096] &lt;gracefully close end>[22m&#xA;"><![CDATA[browserType.launch: Target page, context or browser has been closed
Browser logs:

<launching> C:\Users\ChandraSekharNannapa\AppData\Local\ms-playwright\chromium_headless_shell-1208\chrome-headless-shell-win64\chrome-headless-shell.exe --disable-field-trial-config --disable-background-networking --disable-background-timer-throttling --disable-backgrounding-occluded-windows --disable-back-forward-cache --disable-breakpad --disable-client-side-phishing-detection --disable-component-extensions-with-background-pages --disable-component-update --no-default-browser-check --disable-default-apps --disable-dev-shm-usage --disable-extensions --disable-features=AvoidUnnecessaryBeforeUnloadCheckSync,BoundaryEventDispatchTracksNodeRemoval,DestroyProfileOnBrowserClose,DialMediaRouteProvider,GlobalMediaControls,HttpsUpgrades,LensOverlay,MediaRouter,PaintHolding,ThirdPartyStoragePartitioning,Translate,AutoDeElevate,RenderDocument,OptimizationHints --enable-features=CDPScreenshotNewSurface --allow-pre-commit-input --disable-hang-monitor --disable-ipc-flooding-protection --disable-popup-blocking --disable-prompt-on-repost --disable-renderer-backgrounding --force-color-profile=srgb --metrics-recording-only --no-first-run --password-store=basic --use-mock-keychain --no-service-autorun --export-tagged-pdf --disable-search-engine-choice-screen --unsafely-disable-devtools-self-xss-warnings --edge-skip-compat-layer-relaunch --enable-automation --disable-infobars --disable-search-engine-choice-screen --disable-sync --enable-unsafe-swiftshader --headless --hide-scrollbars --mute-audio --blink-settings=primaryHoverType=2,availableHoverTypes=2,primaryPointerType=4,availablePointerTypes=4 --no-sandbox --user-data-dir=C:\Users\CHANDR~1\AppData\Local\Temp\playwright_chromiumdev_profile-HewQn7 --remote-debugging-pipe --no-startup-window
<launched> pid=91096
Call log:
[2m  - <launching> C:\Users\ChandraSekharNannapa\AppData\Local\ms-playwright\chromium_headless_shell-1208\chrome-headless-shell-win64\chrome-headless-shell.exe --disable-field-trial-config --disable-background-networking --disable-background-timer-throttling --disable-backgrounding-occluded-windows --disable-back-forward-cache --disable-breakpad --disable-client-side-phishing-detection --disable-component-extensions-with-background-pages --disable-component-update --no-default-browser-check --disable-default-apps --disable-dev-shm-usage --disable-extensions --disable-features=AvoidUnnecessaryBeforeUnloadCheckSync,BoundaryEventDispatchTracksNodeRemoval,DestroyProfileOnBrowserClose,DialMediaRouteProvider,GlobalMediaControls,HttpsUpgrades,LensOverlay,MediaRouter,PaintHolding,ThirdPartyStoragePartitioning,Translate,AutoDeElevate,RenderDocument,OptimizationHints --enable-features=CDPScreenshotNewSurface --allow-pre-commit-input --disable-hang-monitor --disable-ipc-flooding-protection --disable-popup-blocking --disable-prompt-on-repost --disable-renderer-backgrounding --force-color-profile=srgb --metrics-recording-only --no-first-run --password-store=basic --use-mock-keychain --no-service-autorun --export-tagged-pdf --disable-search-engine-choice-screen --unsafely-disable-devtools-self-xss-warnings --edge-skip-compat-layer-relaunch --enable-automation --disable-infobars --disable-search-engine-choice-screen --disable-sync --enable-unsafe-swiftshader --headless --hide-scrollbars --mute-audio --blink-settings=primaryHoverType=2,availableHoverTypes=2,primaryPointerType=4,availablePointerTypes=4 --no-sandbox --user-data-dir=C:\Users\CHANDR~1\AppData\Local\Temp\playwright_chromiumdev_profile-HewQn7 --remote-debugging-pipe --no-startup-window[22m
[2m  - <launched> pid=91096[22m
[2m  - [pid=91096] <gracefully close start>[22m
[2m  - [pid=91096] <kill>[22m
[2m  - [pid=91096] <will force kill>[22m
[2m  - [pid=91096] <process did exit: exitCode=3221225794, signal=null>[22m
[2m  - [pid=91096] starting temporary directories cleanup[22m
[2m  - [pid=91096] finished temporary directories cleanup[22m
[2m  - [pid=91096] <gracefully close end>[22m

    at World.<anonymous> (C:\chandra-1212-main\playwright-crx-enhanced\backend\features\step-definitions\saucedemoPlaywright.ts:21:28)]]></failure>
    <system-out><![CDATA[Given the application is accessible....................................undefined
And the database is connected..........................................undefined
Given I am on the registration page....................................undefined
When I enter the following user details:...............................undefined
And I accept the terms and conditions..................................undefined
And I click the register button........................................undefined
Then I should see a success message "Account created successfully".....undefined
And I should be redirected to the login page.............................skipped
And the user "john@example.com" should exist in the database...........undefined]]></system-out>
  </testcase>
  <testcase classname="User Authentication and Account Management" name="Successfully login with valid credentials" time="0.08560809800000001">
    <failure type="Error" message="browserType.launch: Target page, context or browser has been closed&#xA;Browser logs:&#xA;&#xA;&lt;launching> C:\Users\ChandraSekharNannapa\AppData\Local\ms-playwright\chromium_headless_shell-1208\chrome-headless-shell-win64\chrome-headless-shell.exe --disable-field-trial-config --disable-background-networking --disable-background-timer-throttling --disable-backgrounding-occluded-windows --disable-back-forward-cache --disable-breakpad --disable-client-side-phishing-detection --disable-component-extensions-with-background-pages --disable-component-update --no-default-browser-check --disable-default-apps --disable-dev-shm-usage --disable-extensions --disable-features=AvoidUnnecessaryBeforeUnloadCheckSync,BoundaryEventDispatchTracksNodeRemoval,DestroyProfileOnBrowserClose,DialMediaRouteProvider,GlobalMediaControls,HttpsUpgrades,LensOverlay,MediaRouter,PaintHolding,ThirdPartyStoragePartitioning,Translate,AutoDeElevate,RenderDocument,OptimizationHints --enable-features=CDPScreenshotNewSurface --allow-pre-commit-input --disable-hang-monitor --disable-ipc-flooding-protection --disable-popup-blocking --disable-prompt-on-repost --disable-renderer-backgrounding --force-color-profile=srgb --metrics-recording-only --no-first-run --password-store=basic --use-mock-keychain --no-service-autorun --export-tagged-pdf --disable-search-engine-choice-screen --unsafely-disable-devtools-self-xss-warnings --edge-skip-compat-layer-relaunch --enable-automation --disable-infobars --disable-search-engine-choice-screen --disable-sync --enable-unsafe-swiftshader --headless --hide-scrollbars --mute-audio --blink-settings=primaryHoverType=2,availableHoverTypes=2,primaryPointerType=4,availablePointerTypes=4 --no-sandbox --user-data-dir=C:\Users\CHANDR~1\AppData\Local\Temp\playwright_chromiumdev_profile-62j6OT --remote-debugging-pipe --no-startup-window&#xA;&lt;launched> pid=57976&#xA;Call log:&#xA;[2m  - &lt;launching> C:\Users\ChandraSekharNannapa\AppData\Local\ms-playwright\chromium_headless_shell-1208\chrome-headless-shell-win64\chrome-headless-shell.exe --disable-field-trial-config --disable-background-networking --disable-background-timer-throttling --disable-backgrounding-occluded-windows --disable-back-forward-cache --disable-breakpad --disable-client-side-phishing-detection --disable-component-extensions-with-background-pages --disable-component-update --no-default-browser-check --disable-default-apps --disable-dev-shm-usage --disable-extensions --disable-features=AvoidUnnecessaryBeforeUnloadCheckSync,BoundaryEventDispatchTracksNodeRemoval,DestroyProfileOnBrowserClose,DialMediaRouteProvider,GlobalMediaControls,HttpsUpgrades,LensOverlay,MediaRouter,PaintHolding,ThirdPartyStoragePartitioning,Translate,AutoDeElevate,RenderDocument,OptimizationHints --enable-features=CDPScreenshotNewSurface --allow-pre-commit-input --disable-hang-monitor --disable-ipc-flooding-protection --disable-popup-blocking --disable-prompt-on-repost --disable-renderer-backgrounding --force-color-profile=srgb --metrics-recording-only --no-first-run --password-store=basic --use-mock-keychain --no-service-autorun --export-tagged-pdf --disable-search-engine-choice-screen --unsafely-disable-devtools-self-xss-warnings --edge-skip-compat-layer-relaunch --enable-automation --disable-infobars --disable-search-engine-choice-screen --disable-sync --enable-unsafe-swiftshader --headless --hide-scrollbars --mute-audio --blink-settings=primaryHoverType=2,availableHoverTypes=2,primaryPointerType=4,availablePointerTypes=4 --no-sandbox --user-data-dir=C:\Users\CHANDR~1\AppData\Local\Temp\playwright_chromiumdev_profile-62j6OT --remote-debugging-pipe --no-startup-window[22m&#xA;[2m  - &lt;launched> pid=57976[22m&#xA;[2m  - [pid=57976] &lt;gracefully close start>[22m&#xA;[2m  - [pid=57976] &lt;kill>[22m&#xA;[2m  - [pid=57976] &lt;will force kill>[22m&#xA;[2m  - [pid=57976] &lt;process did exit: exitCode=3221225794, signal=null>[22m&#xA;[2m  - [pid=57976] starting temporary directories cleanup[22m&#xA;[2m  - [pid=57976] finished temporary directories cleanup[22m&#xA;[2m  - [pid=57976] &lt;gracefully close end>[22m&#xA;"><![CDATA[browserType.launch: Target page, context or browser has been closed
Browser logs:

<launching> C:\Users\ChandraSekharNannapa\AppData\Local\ms-playwright\chromium_headless_shell-1208\chrome-headless-shell-win64\chrome-headless-shell.exe --disable-field-trial-config --disable-background-networking --disable-background-timer-throttling --disable-backgrounding-occluded-windows --disable-back-forward-cache --disable-breakpad --disable-client-side-phishing-detection --disable-component-extensions-with-background-pages --disable-component-update --no-default-browser-check --disable-default-apps --disable-dev-shm-usage --disable-extensions --disable-features=AvoidUnnecessaryBeforeUnloadCheckSync,BoundaryEventDispatchTracksNodeRemoval,DestroyProfileOnBrowserClose,DialMediaRouteProvider,GlobalMediaControls,HttpsUpgrades,LensOverlay,MediaRouter,PaintHolding,ThirdPartyStoragePartitioning,Translate,AutoDeElevate,RenderDocument,OptimizationHints --enable-features=CDPScreenshotNewSurface --allow-pre-commit-input --disable-hang-monitor --disable-ipc-flooding-protection --disable-popup-blocking --disable-prompt-on-repost --disable-renderer-backgrounding --force-color-profile=srgb --metrics-recording-only --no-first-run --password-store=basic --use-mock-keychain --no-service-autorun --export-tagged-pdf --disable-search-engine-choice-screen --unsafely-disable-devtools-self-xss-warnings --edge-skip-compat-layer-relaunch --enable-automation --disable-infobars --disable-search-engine-choice-screen --disable-sync --enable-unsafe-swiftshader --headless --hide-scrollbars --mute-audio --blink-settings=primaryHoverType=2,availableHoverTypes=2,primaryPointerType=4,availablePointerTypes=4 --no-sandbox --user-data-dir=C:\Users\CHANDR~1\AppData\Local\Temp\playwright_chromiumdev_profile-62j6OT --remote-debugging-pipe --no-startup-window
<launched> pid=57976
Call log:
[2m  - <launching> C:\Users\ChandraSekharNannapa\AppData\Local\ms-playwright\chromium_headless_shell-1208\chrome-headless-shell-win64\chrome-headless-shell.exe --disable-field-trial-config --disable-background-networking --disable-background-timer-throttling --disable-backgrounding-occluded-windows --disable-back-forward-cache --disable-breakpad --disable-client-side-phishing-detection --disable-component-extensions-with-background-pages --disable-component-update --no-default-browser-check --disable-default-apps --disable-dev-shm-usage --disable-extensions --disable-features=AvoidUnnecessaryBeforeUnloadCheckSync,BoundaryEventDispatchTracksNodeRemoval,DestroyProfileOnBrowserClose,DialMediaRouteProvider,GlobalMediaControls,HttpsUpgrades,LensOverlay,MediaRouter,PaintHolding,ThirdPartyStoragePartitioning,Translate,AutoDeElevate,RenderDocument,OptimizationHints --enable-features=CDPScreenshotNewSurface --allow-pre-commit-input --disable-hang-monitor --disable-ipc-flooding-protection --disable-popup-blocking --disable-prompt-on-repost --disable-renderer-backgrounding --force-color-profile=srgb --metrics-recording-only --no-first-run --password-store=basic --use-mock-keychain --no-service-autorun --export-tagged-pdf --disable-search-engine-choice-screen --unsafely-disable-devtools-self-xss-warnings --edge-skip-compat-layer-relaunch --enable-automation --disable-infobars --disable-search-engine-choice-screen --disable-sync --enable-unsafe-swiftshader --headless --hide-scrollbars --mute-audio --blink-settings=primaryHoverType=2,availableHoverTypes=2,primaryPointerType=4,availablePointerTypes=4 --no-sandbox --user-data-dir=C:\Users\CHANDR~1\AppData\Local\Temp\playwright_chromiumdev_profile-62j6OT --remote-debugging-pipe --no-startup-window[22m
[2m  - <launched> pid=57976[22m
[2m  - [pid=57976] <gracefully close start>[22m
[2m  - [pid=57976] <kill>[22m
[2m  - [pid=57976] <will force kill>[22m
[2m  - [pid=57976] <process did exit: exitCode=3221225794, signal=null>[22m
[2m  - [pid=57976] starting temporary directories cleanup[22m
[2m  - [pid=57976] finished temporary directories cleanup[22m
[2m  - [pid=57976] <gracefully close end>[22m

    at World.<anonymous> (C:\chandra-1212-main\playwright-crx-enhanced\backend\features\step-definitions\saucedemoPlaywright.ts:21:28)]]></failure>
    <system-out><![CDATA[Given the application is accessible....................................undefined
And the database is connected..........................................undefined
Given the user "user@example.com" exists with password "ValidPass123...undefined
And I am on the login page.............................................undefined
When I enter email "user@example.com"..................................undefined
And I enter password "ValidPass123"....................................ambiguous
And I click the login button...........................................ambiguous
Then I should be redirected to the dashboard...........................undefined
And I should see the user greeting "Welcome, User".....................undefined
And a session cookie should be created.................................undefined]]></system-out>
  </testcase>
</testsuite>