<?xml version="1.0"?>
<testsuite failures="15" skipped="0" name="cucumber-js" time="50.846227393999996" tests="20">
  <testcase classname="SauceDemo E-commerce Application" name="Successful login with valid credentials" time="2.1733431899999998">
    <system-out><![CDATA[Given the application URL is set to "https://saucedemo.com"...............passed
And the browser is opened.................................................passed
When I navigate to the login page.........................................passed
And I enter username "standard_user"......................................passed
And I enter password "secret_sauce".......................................passed
And I click the login button..............................................passed
Then I should see the products page.......................................passed
And the page title should contain "Swag Labs".............................passed]]></system-out>
  </testcase>
  <testcase classname="SauceDemo E-commerce Application" name="View products list" time="2.735353194">
    <system-out><![CDATA[Given the application URL is set to "https://saucedemo.com"...............passed
And the browser is opened.................................................passed
Given I am logged in as "standard_user"...................................passed
When I view the products list.............................................passed
Then I should see at least 6 products.....................................passed
And each product should have a name and price.............................passed
And each product should have an "Add to cart" button......................passed]]></system-out>
  </testcase>
  <testcase classname="SauceDemo E-commerce Application" name="Add single product to cart" time="1.853405196">
    <failure/>
    <system-out><![CDATA[Given the application URL is set to "https://saucedemo.com"...............passed
And the browser is opened.................................................passed
Given I am logged in as "standard_user"...................................passed
When I view the products list.............................................passed
And I add the first product to cart.......................................passed
Then the cart counter should show "1".....................................passed
And the product should show "Remove" button instead of "Add to cart"...undefined]]></system-out>
  </testcase>
  <testcase classname="SauceDemo E-commerce Application" name="Add multiple products to cart" time="1.8994479969999998">
    <system-out><![CDATA[Given the application URL is set to "https://saucedemo.com"...............passed
And the browser is opened.................................................passed
Given I am logged in as "standard_user"...................................passed
When I view the products list.............................................passed
And I add 3 products to cart..............................................passed
Then the cart counter should show "3".....................................passed
And I navigate to the cart page...........................................passed
And I should see 3 items in the cart......................................passed]]></system-out>
  </testcase>
  <testcase classname="SauceDemo E-commerce Application" name="Remove product from cart" time="2.0305197950000005">
    <failure/>
    <system-out><![CDATA[Given the application URL is set to "https://saucedemo.com"...............passed
And the browser is opened.................................................passed
Given I am logged in as "standard_user"...................................passed
And I have added 2 products to cart.......................................passed
When I navigate to the cart page..........................................passed
And I remove the first product from cart..................................passed
Then I should see 1 item in the cart...................................undefined
And the cart counter should show "1".....................................skipped]]></system-out>
  </testcase>
  <testcase classname="SauceDemo E-commerce Application" name="Complete checkout process" time="1.605765097">
    <failure/>
    <system-out><![CDATA[Given the application URL is set to "https://saucedemo.com"...............passed
And the browser is opened.................................................passed
Given I am logged in as "standard_user"...................................passed
And I have added products to cart:.....................................undefined
When I navigate to the cart page.........................................skipped
And I click the checkout button..........................................skipped
And I fill in checkout information:......................................skipped
And I click continue.....................................................skipped
Then I should see the order summary......................................skipped
And I should see the total price.........................................skipped]]></system-out>
  </testcase>
  <testcase classname="SauceDemo E-commerce Application" name="Finalize order" time="2.1362874950000004">
    <failure/>
    <system-out><![CDATA[Given the application URL is set to "https://saucedemo.com"...............passed
And the browser is opened.................................................passed
Given I am logged in as "standard_user"...................................passed
And I have products in cart............................................undefined
And I am on the checkout summary page..................................undefined
When I click the "Finish" button.........................................skipped
Then I should see the order confirmation page............................skipped
And I should see "Thank you for your order" message......................skipped]]></system-out>
  </testcase>
  <testcase classname="SauceDemo E-commerce Application" name="Sort products by price low to high" time="2.2762275909999996">
    <failure type="Error" message="Sort dropdown not found"><![CDATA[Error: Sort dropdown not found
    at World.<anonymous> (C:\chandra-1212-main\playwright-crx-enhanced\backend\features\step-definitions\saucedemoPlaywright.ts:477:11)]]></failure>
    <system-out><![CDATA[Given the application URL is set to "https://saucedemo.com"...............passed
And the browser is opened.................................................passed
Given I am logged in as "standard_user"...................................passed
When I view the products list.............................................passed
And I select sort option "Price (low to high)"............................failed
Then the products should be sorted by price in ascending order...........skipped]]></system-out>
  </testcase>
  <testcase classname="SauceDemo E-commerce Application" name="Sort products by price high to low" time="1.7231601939999999">
    <failure type="Error" message="Sort dropdown not found"><![CDATA[Error: Sort dropdown not found
    at World.<anonymous> (C:\chandra-1212-main\playwright-crx-enhanced\backend\features\step-definitions\saucedemoPlaywright.ts:477:11)]]></failure>
    <system-out><![CDATA[Given the application URL is set to "https://saucedemo.com"...............passed
And the browser is opened.................................................passed
Given I am logged in as "standard_user"...................................passed
When I view the products list.............................................passed
And I select sort option "Price (high to low)"............................failed
Then the products should be sorted by price in descending order........undefined]]></system-out>
  </testcase>
  <testcase classname="SauceDemo E-commerce Application" name="Filter to view single product" time="2.009327393">
    <failure/>
    <system-out><![CDATA[Given the application URL is set to "https://saucedemo.com"...............passed
And the browser is opened.................................................passed
Given I am logged in as "standard_user"...................................passed
When I click on "Sauce Labs Backpack".....................................passed
Then I should see the product detail page.................................passed
And I should see the product name "Sauce Labs Backpack"...................passed
And I should see the product price.....................................undefined
And I should see the product description...............................undefined]]></system-out>
  </testcase>
  <testcase classname="SauceDemo E-commerce Application" name="Logout from application" time="2.649646296">
    <failure/>
    <system-out><![CDATA[Given the application URL is set to "https://saucedemo.com"...............passed
And the browser is opened.................................................passed
Given I am logged in as "standard_user"...................................passed
When I click the menu button..............................................passed
And I click the logout link...............................................passed
Then I should be redirected to the login page..........................undefined
And the username field should be empty.................................undefined]]></system-out>
  </testcase>
  <testcase classname="SauceDemo E-commerce Application" name="Login with invalid credentials" time="6.4921219919999995">
    <failure type="Error" message="function timed out, ensure the promise resolves within 5000 milliseconds"><![CDATA[Error: function timed out, ensure the promise resolves within 5000 milliseconds
    at Timeout.<anonymous> (C:\chandra-1212-main\playwright-crx-enhanced\backend\node_modules\@cucumber\cucumber\src\time.ts:52:14)
    at listOnTimeout (node:internal/timers:594:17)
    at processTimers (node:internal/timers:529:7)]]></failure>
    <system-out><![CDATA[Given the application URL is set to "https://saucedemo.com"...............passed
And the browser is opened.................................................passed
When I navigate to the login page.........................................passed
And I enter username "invalid_user".......................................passed
And I enter password "wrong_password".....................................passed
And I click the login button..............................................failed
Then I should see an error message.......................................skipped
And the error message should contain "Username and password do not mat...skipped]]></system-out>
  </testcase>
  <testcase classname="SauceDemo E-commerce Application" name="Verify page load performance" time="4.087666294000001">
    <system-out><![CDATA[Given the application URL is set to "https://saucedemo.com"...............passed
And the browser is opened.................................................passed
When I navigate to "https://saucedemo.com"................................passed
Then the page should load within 5 seconds................................passed
And all images should be loaded...........................................passed
And the page should be responsive.........................................passed]]></system-out>
  </testcase>
  <testcase classname="SauceDemo E-commerce Application" name="Verify page accessibility" time="1.4616081959999998">
    <failure/>
    <system-out><![CDATA[Given the application URL is set to "https://saucedemo.com"...............passed
And the browser is opened.................................................passed
When I navigate to the login page.........................................passed
Then all form inputs should have labels................................undefined
And buttons should have accessible text................................undefined
And page should have proper heading hierarchy..........................undefined]]></system-out>
  </testcase>
  <testcase classname="SauceDemo E2E Testing" name="Successful login with valid credentials" time="1.903669794">
    <system-out><![CDATA[Given the application is loaded...........................................passed
When I navigate to the login page.........................................passed
And I enter username "standard_user"......................................passed
And I enter password "secret_sauce".......................................passed
And I click the login button..............................................passed
Then I should see the products page.......................................passed
And the page title should contain "Swag Labs".............................passed]]></system-out>
  </testcase>
  <testcase classname="SauceDemo E2E Testing" name="View products after login" time="1.715890195">
    <failure/>
    <system-out><![CDATA[Given the application is loaded...........................................passed
Given I am logged in as "standard_user"...................................passed
When I navigate to the products page...................................undefined
Then I should see at least 6 products....................................skipped
And each product should have a name and price............................skipped]]></system-out>
  </testcase>
  <testcase classname="SauceDemo E2E Testing" name="Successful logout" time="1.843901796">
    <failure/>
    <system-out><![CDATA[Given the application is loaded...........................................passed
Given I am logged in as "standard_user"...................................passed
When I click the menu button..............................................passed
And I click logout.....................................................undefined
Then I should be redirected to the login page..........................undefined
And the username field should be empty.................................undefined]]></system-out>
  </testcase>
  <testcase classname="SauceDemo E2E Testing" name="Login fails with invalid credentials" time="6.635212993999999">
    <failure type="Error" message="function timed out, ensure the promise resolves within 5000 milliseconds"><![CDATA[Error: function timed out, ensure the promise resolves within 5000 milliseconds
    at Timeout.<anonymous> (C:\chandra-1212-main\playwright-crx-enhanced\backend\node_modules\@cucumber\cucumber\src\time.ts:52:14)
    at listOnTimeout (node:internal/timers:594:17)
    at processTimers (node:internal/timers:529:7)]]></failure>
    <system-out><![CDATA[Given the application is loaded...........................................passed
When I navigate to the login page.........................................passed
And I enter username "invalid_user".......................................passed
And I enter password "wrong_password".....................................passed
And I click the login button..............................................failed
Then I should see an error message.......................................skipped
And the error message should contain "do not match"......................skipped]]></system-out>
  </testcase>
  <testcase classname="SauceDemo E2E Testing" name="Add item to cart" time="1.677292499">
    <failure/>
    <system-out><![CDATA[Given the application is loaded...........................................passed
Given I am logged in as "standard_user"...................................passed
And I am on the products page..........................................undefined
When I click "Add to cart" for the first product.......................undefined
Then the cart counter should show "1"....................................skipped
And the button text should change to "Remove from cart"................undefined]]></system-out>
  </testcase>
  <testcase classname="SauceDemo E2E Testing" name="Complete checkout process" time="1.936380196">
    <failure/>
    <system-out><![CDATA[Given the application is loaded...........................................passed
Given I am logged in as "standard_user"...................................passed
And I have 2 items in my cart..........................................undefined
When I click the cart icon.............................................undefined
And I click "Checkout".................................................undefined
And I fill in first name "John"........................................undefined
And I fill in last name "Doe"..........................................undefined
And I fill in postal code "12345"......................................undefined
And I click "Continue".................................................undefined
And I click "Finish"...................................................undefined
Then I should see "Thank you for your order"...........................undefined
And the order is complete..............................................undefined]]></system-out>
  </testcase>
</testsuite>